/*C13*/SET SCHEMA PUBLIC
CONNECT USER SA
DISCONNECT
/*C14*/SET SCHEMA PUBLIC
CONNECT USER SA
DISCONNECT
/*C15*/SET SCHEMA PUBLIC
CONNECT USER SA
/*C16*/SET SCHEMA PUBLIC
CONNECT USER SA
/*C17*/SET SCHEMA PUBLIC
CONNECT USER SA
/*C18*/SET SCHEMA PUBLIC
CONNECT USER SA
/*C19*/SET SCHEMA PUBLIC
CONNECT USER SA
/*C20*/SET SCHEMA PUBLIC
CONNECT USER SA
/*C21*/SET SCHEMA PUBLIC
CONNECT USER SA
/*C22*/SET SCHEMA PUBLIC
CONNECT USER SA
/*C23*/SET SCHEMA PUBLIC
CONNECT USER SA
/*C24*/SET SCHEMA PUBLIC
CONNECT USER SA
SET LOGSIZE 5
SET AUTOCOMMIT FALSE
/*C23*/SET AUTOCOMMIT FALSE
SET AUTOCOMMIT TRUE
/*C24*/SET AUTOCOMMIT TRUE
INSERT INTO FR_EXERECORD VALUES(153,'/goods/ckd.cpt',0,'__LOCALE__ : zh_CN[java.util.Locale], __STREAMCLOSED__ : [java.lang.String], COM.ALIBABA.LASTPAGE : L3BvbGFyaXMv\u000d\u000a[java.lang.String], ENCODINGFILTER.FILTERED : true[java.lang.String], ID : 6[java.lang.String], ORG.SPRINGFRAMEWORK.WEB.CONTEXT.REQUEST.ASYNC.WEBASYNCMANAGER.WEB_ASYNC_MANAGER : org.springframework.web.context.request.async.WebAsyncManager@3f6c07b3[java.lang.String], REPORTLET : /goods/ckd.cpt[java.lang.String], REPORTNAME : /goods/ckd.cpt[java.lang.String], USER : admin[java.lang.String], USERID : 20[java.lang.Integer], USERNAME : admin[java.lang.String]','localhost','\u672a\u767b\u5f55\u7528\u6237','\u672a\u77e5\u89d2\u8272',396,'2018-01-02 16:54:07.799000000','[ sql : SELECT a.orderid,b.gtypename,b.goodsname,a.count,a.price,a.amount,a.readdress,b.goodsid FROM aa01 a LEFT JOIN gg01 b ON a.goodsid=b.goodsid where a.id=6 ; rowcount : 1 ; time : 2018-01-02 16:54:07 ;]\u000a','{"Agent":"mozilla/5.0 (windows nt 6.1; wow64) applewebkit/537.36 (khtml, like gecko) chrome/61.0.3163.79 safari/537.36","Version":"537.36","BoxModel":true,"Browser":"webkit"}',14400)
INSERT INTO FR_EXERECORD VALUES(154,'/goods/ckd.cpt',0,'__LOCALE__ : zh_CN[java.util.Locale], __STREAMCLOSED__ : [java.lang.String], COM.ALIBABA.LASTPAGE : L3BvbGFyaXMv\u000d\u000a[java.lang.String], ENCODINGFILTER.FILTERED : true[java.lang.String], ID : 6[java.lang.String], ORG.SPRINGFRAMEWORK.WEB.CONTEXT.REQUEST.ASYNC.WEBASYNCMANAGER.WEB_ASYNC_MANAGER : org.springframework.web.context.request.async.WebAsyncManager@460fcbfd[java.lang.String], REPORTLET : /goods/ckd.cpt[java.lang.String], REPORTNAME : /goods/ckd.cpt[java.lang.String], USER : admin[java.lang.String], USERID : 20[java.lang.Integer], USERNAME : admin[java.lang.String]','localhost','\u672a\u767b\u5f55\u7528\u6237','\u672a\u77e5\u89d2\u8272',8,'2018-01-02 16:54:34.886000000','[ sql : SELECT a.orderid,b.gtypename,b.goodsname,a.count,a.price,a.amount,a.readdress,b.goodsid FROM aa01 a LEFT JOIN gg01 b ON a.goodsid=b.goodsid where a.id=6 ; rowcount : 1 ; time : 2018-01-02 16:54:34 ;]\u000a','{"Agent":"mozilla/5.0 (windows nt 6.1; wow64) applewebkit/537.36 (khtml, like gecko) chrome/61.0.3163.79 safari/537.36","Version":"537.36","BoxModel":true,"Browser":"webkit"}',14400)
INSERT INTO FR_EXERECORD VALUES(155,'/goods/ckd.cpt',0,'__LOCALE__ : zh_CN[java.util.Locale], __STREAMCLOSED__ : [java.lang.String], COM.ALIBABA.LASTPAGE : L3BvbGFyaXMv\u000d\u000a[java.lang.String], ENCODINGFILTER.FILTERED : true[java.lang.String], ID : 6[java.lang.String], ORG.SPRINGFRAMEWORK.WEB.CONTEXT.REQUEST.ASYNC.WEBASYNCMANAGER.WEB_ASYNC_MANAGER : org.springframework.web.context.request.async.WebAsyncManager@35a566be[java.lang.String], REPORTLET : /goods/ckd.cpt[java.lang.String], REPORTNAME : /goods/ckd.cpt[java.lang.String], USER : admin[java.lang.String], USERID : 20[java.lang.Integer], USERNAME : admin[java.lang.String]','localhost','\u672a\u767b\u5f55\u7528\u6237','\u672a\u77e5\u89d2\u8272',9,'2018-01-02 16:54:50.751000000','[ sql : SELECT a.orderid,b.gtypename,b.goodsname,a.count,a.price,a.amount,a.readdress,b.goodsid FROM aa01 a LEFT JOIN gg01 b ON a.goodsid=b.goodsid where a.id=6 ; rowcount : 1 ; time : 2018-01-02 16:54:50 ;]\u000a','{"Agent":"mozilla/5.0 (windows nt 6.1; wow64) applewebkit/537.36 (khtml, like gecko) chrome/61.0.3163.79 safari/537.36","Version":"537.36","BoxModel":true,"Browser":"webkit"}',14400)
/*C23*/INSERT INTO FR_FUNCTIONRECORD VALUES('{"315823103":6}','2018-01-02 16:56:05.629000000')
/*C24*/DISCONNECT
/*C23*/DISCONNECT
/*C22*/DISCONNECT
/*C21*/DISCONNECT
/*C20*/DISCONNECT
/*C19*/DISCONNECT
/*C18*/DISCONNECT
/*C17*/DISCONNECT
/*C16*/DISCONNECT
/*C15*/DISCONNECT
